Build started 16/09/2016 3:42:25 PM.
     1>Project "C:\Users\hdf3153\Desktop\GP-ASS-1-Release-master\GP-ASS-1-Release-master\Gold - 13826904\Build Files\Framework\Framework.vcxproj" on node 2 (Build target(s)).
     1>C:\Program Files (x86)\MSBuild\Microsoft.Cpp\v4.0\V120\Microsoft.CppBuild.targets(381,5): warning MSB8028: The intermediate directory (Debug\) contains files shared from another project (Framework.vcxproj).  This can lead to incorrect clean and rebuild behavior.
     1>ClCompile:
         C:\Program Files (x86)\Microsoft Visual Studio 12.0\VC\bin\CL.exe /c /I"C:\Users\hdf3153\Desktop\GP-ASS-1-Release-master\GP-ASS-1-Release-master\Gold - 13826904\Build Files\\SDL\SDL2-2.0.3\include\\" /I"C:\Users\hdf3153\Desktop\GP-ASS-1-Release-master\GP-ASS-1-Release-master\Gold - 13826904\Build Files\\SDL\SDL2_image-2.0.0\include" /I"C:\Users\hdf3153\Desktop\GP-ASS-1-Release-master\GP-ASS-1-Release-master\Gold - 13826904\Build Files\\FMOD\inc\\" /I"C:\Users\hdf3153\Desktop\GP-ASS-1-Release-master\GP-ASS-1-Release-master\Gold - 13826904\Build Files\\SDL2_ttf-2.0.14\include" /ZI /nologo /W3 /WX- /Od /Oy- /D WIN32 /D _DEBUG /D _WINDOWS /D _UNICODE /D UNICODE /Gm /EHsc /RTC1 /MDd /GS /fp:precise /Zc:wchar_t /Zc:forScope /Fo"Debug\\" /Fd"Debug\vc120.pdb" /Gd /TP /analyze- /errorReport:prompt AnimatedSprite.cpp backbuffer.cpp Coin.cpp Enemy.cpp entity.cpp AnimEntity.cpp game.cpp inputhandler.cpp logmanager.cpp main.cpp MenuItem.cpp Parser.cpp Player.cpp SoundSystem.cpp sprite.cpp texture.cpp texturemanager.cpp
         texturemanager.cpp
         texture.cpp
         sprite.cpp
         SoundSystem.cpp
         Player.cpp
     1>c:\users\hdf3153\desktop\gp-ass-1-release-master\gp-ass-1-release-master\gold - 13826904\build files\framework\player.cpp(24): warning C4244: '=' : conversion from 'float' to 'int', possible loss of data
         Parser.cpp
         MenuItem.cpp
         main.cpp
         logmanager.cpp
         inputhandler.cpp
         game.cpp
     1>c:\users\hdf3153\desktop\gp-ass-1-release-master\gp-ass-1-release-master\gold - 13826904\build files\framework\game.cpp(168): warning C4244: 'argument' : conversion from 'double' to 'int', possible loss of data
     1>c:\users\hdf3153\desktop\gp-ass-1-release-master\gp-ass-1-release-master\gold - 13826904\build files\framework\game.cpp(169): warning C4244: 'argument' : conversion from 'double' to 'int', possible loss of data
     1>c:\users\hdf3153\desktop\gp-ass-1-release-master\gp-ass-1-release-master\gold - 13826904\build files\framework\game.cpp(179): warning C4244: 'argument' : conversion from 'double' to 'int', possible loss of data
     1>c:\users\hdf3153\desktop\gp-ass-1-release-master\gp-ass-1-release-master\gold - 13826904\build files\framework\game.cpp(180): warning C4244: 'argument' : conversion from 'double' to 'int', possible loss of data
     1>c:\users\hdf3153\desktop\gp-ass-1-release-master\gp-ass-1-release-master\gold - 13826904\build files\framework\game.cpp(278): warning C4018: '<' : signed/unsigned mismatch
     1>c:\users\hdf3153\desktop\gp-ass-1-release-master\gp-ass-1-release-master\gold - 13826904\build files\framework\game.cpp(283): warning C4018: '<' : signed/unsigned mismatch
     1>c:\users\hdf3153\desktop\gp-ass-1-release-master\gp-ass-1-release-master\gold - 13826904\build files\framework\game.cpp(288): warning C4018: '<' : signed/unsigned mismatch
     1>c:\users\hdf3153\desktop\gp-ass-1-release-master\gp-ass-1-release-master\gold - 13826904\build files\framework\game.cpp(293): warning C4018: '<' : signed/unsigned mismatch
     1>c:\users\hdf3153\desktop\gp-ass-1-release-master\gp-ass-1-release-master\gold - 13826904\build files\framework\game.cpp(323): warning C4244: 'argument' : conversion from 'double' to 'int', possible loss of data
     1>c:\users\hdf3153\desktop\gp-ass-1-release-master\gp-ass-1-release-master\gold - 13826904\build files\framework\game.cpp(324): warning C4244: 'argument' : conversion from 'double' to 'int', possible loss of data
     1>c:\users\hdf3153\desktop\gp-ass-1-release-master\gp-ass-1-release-master\gold - 13826904\build files\framework\game.cpp(325): warning C4244: 'argument' : conversion from 'double' to 'int', possible loss of data
     1>c:\users\hdf3153\desktop\gp-ass-1-release-master\gp-ass-1-release-master\gold - 13826904\build files\framework\game.cpp(326): warning C4244: 'argument' : conversion from 'double' to 'int', possible loss of data
     1>c:\users\hdf3153\desktop\gp-ass-1-release-master\gp-ass-1-release-master\gold - 13826904\build files\framework\game.cpp(370): warning C4018: '<' : signed/unsigned mismatch
     1>c:\users\hdf3153\desktop\gp-ass-1-release-master\gp-ass-1-release-master\gold - 13826904\build files\framework\game.cpp(379): warning C4244: 'argument' : conversion from 'double' to 'int', possible loss of data
     1>c:\users\hdf3153\desktop\gp-ass-1-release-master\gp-ass-1-release-master\gold - 13826904\build files\framework\game.cpp(380): warning C4244: 'argument' : conversion from 'double' to 'int', possible loss of data
     1>c:\users\hdf3153\desktop\gp-ass-1-release-master\gp-ass-1-release-master\gold - 13826904\build files\framework\game.cpp(381): warning C4244: 'argument' : conversion from 'double' to 'int', possible loss of data
     1>c:\users\hdf3153\desktop\gp-ass-1-release-master\gp-ass-1-release-master\gold - 13826904\build files\framework\game.cpp(382): warning C4244: 'argument' : conversion from 'double' to 'int', possible loss of data
     1>c:\users\hdf3153\desktop\gp-ass-1-release-master\gp-ass-1-release-master\gold - 13826904\build files\framework\game.cpp(500): warning C4244: 'initializing' : conversion from 'float' to 'int', possible loss of data
     1>c:\users\hdf3153\desktop\gp-ass-1-release-master\gp-ass-1-release-master\gold - 13826904\build files\framework\game.cpp(501): warning C4244: 'initializing' : conversion from 'float' to 'int', possible loss of data
     1>c:\users\hdf3153\desktop\gp-ass-1-release-master\gp-ass-1-release-master\gold - 13826904\build files\framework\game.cpp(506): warning C4244: 'argument' : conversion from 'double' to 'float', possible loss of data
     1>c:\users\hdf3153\desktop\gp-ass-1-release-master\gp-ass-1-release-master\gold - 13826904\build files\framework\game.cpp(509): warning C4244: '=' : conversion from 'float' to 'int', possible loss of data
     1>c:\users\hdf3153\desktop\gp-ass-1-release-master\gp-ass-1-release-master\gold - 13826904\build files\framework\game.cpp(552): warning C4244: 'argument' : conversion from 'double' to 'float', possible loss of data
     1>c:\users\hdf3153\desktop\gp-ass-1-release-master\gp-ass-1-release-master\gold - 13826904\build files\framework\game.cpp(553): warning C4244: 'initializing' : conversion from 'float' to 'int', possible loss of data
     1>c:\users\hdf3153\desktop\gp-ass-1-release-master\gp-ass-1-release-master\gold - 13826904\build files\framework\game.cpp(554): warning C4244: 'initializing' : conversion from 'float' to 'int', possible loss of data
     1>c:\users\hdf3153\desktop\gp-ass-1-release-master\gp-ass-1-release-master\gold - 13826904\build files\framework\game.cpp(626): warning C4018: '<' : signed/unsigned mismatch
     1>c:\users\hdf3153\desktop\gp-ass-1-release-master\gp-ass-1-release-master\gold - 13826904\build files\framework\game.cpp(631): warning C4018: '<' : signed/unsigned mismatch
     1>c:\users\hdf3153\desktop\gp-ass-1-release-master\gp-ass-1-release-master\gold - 13826904\build files\framework\game.cpp(636): warning C4018: '<' : signed/unsigned mismatch
     1>c:\users\hdf3153\desktop\gp-ass-1-release-master\gp-ass-1-release-master\gold - 13826904\build files\framework\game.cpp(641): warning C4018: '<' : signed/unsigned mismatch
     1>c:\users\hdf3153\desktop\gp-ass-1-release-master\gp-ass-1-release-master\gold - 13826904\build files\framework\game.cpp(726): warning C4244: 'argument' : conversion from 'float' to 'int', possible loss of data
     1>c:\users\hdf3153\desktop\gp-ass-1-release-master\gp-ass-1-release-master\gold - 13826904\build files\framework\game.cpp(730): warning C4244: 'argument' : conversion from 'float' to 'int', possible loss of data
     1>c:\users\hdf3153\desktop\gp-ass-1-release-master\gp-ass-1-release-master\gold - 13826904\build files\framework\game.cpp(736): warning C4244: 'argument' : conversion from 'float' to 'int', possible loss of data
     1>c:\users\hdf3153\desktop\gp-ass-1-release-master\gp-ass-1-release-master\gold - 13826904\build files\framework\game.cpp(742): warning C4244: 'argument' : conversion from 'float' to 'int', possible loss of data
     1>c:\users\hdf3153\desktop\gp-ass-1-release-master\gp-ass-1-release-master\gold - 13826904\build files\framework\game.cpp(781): warning C4244: 'argument' : conversion from 'double' to 'float', possible loss of data
     1>c:\users\hdf3153\desktop\gp-ass-1-release-master\gp-ass-1-release-master\gold - 13826904\build files\framework\game.cpp(782): warning C4244: '=' : conversion from 'float' to 'int', possible loss of data
     1>c:\users\hdf3153\desktop\gp-ass-1-release-master\gp-ass-1-release-master\gold - 13826904\build files\framework\game.cpp(938): warning C4244: 'argument' : conversion from 'int' to 'float', possible loss of data
     1>c:\users\hdf3153\desktop\gp-ass-1-release-master\gp-ass-1-release-master\gold - 13826904\build files\framework\game.cpp(945): warning C4244: 'argument' : conversion from 'int' to 'float', possible loss of data
     1>c:\users\hdf3153\desktop\gp-ass-1-release-master\gp-ass-1-release-master\gold - 13826904\build files\framework\game.cpp(952): warning C4244: 'argument' : conversion from 'int' to 'float', possible loss of data
     1>c:\users\hdf3153\desktop\gp-ass-1-release-master\gp-ass-1-release-master\gold - 13826904\build files\framework\game.cpp(959): warning C4244: 'argument' : conversion from 'int' to 'float', possible loss of data
     1>c:\users\hdf3153\desktop\gp-ass-1-release-master\gp-ass-1-release-master\gold - 13826904\build files\framework\game.cpp(1007): warning C4244: 'argument' : conversion from 'double' to 'float', possible loss of data
         AnimEntity.cpp
     1>c:\users\hdf3153\desktop\gp-ass-1-release-master\gp-ass-1-release-master\gold - 13826904\build files\framework\animentity.cpp(61): warning C4244: '=' : conversion from 'int' to 'float', possible loss of data
     1>c:\users\hdf3153\desktop\gp-ass-1-release-master\gp-ass-1-release-master\gold - 13826904\build files\framework\animentity.cpp(71): warning C4244: '=' : conversion from 'int' to 'float', possible loss of data
     1>c:\users\hdf3153\desktop\gp-ass-1-release-master\gp-ass-1-release-master\gold - 13826904\build files\framework\animentity.cpp(153): warning C4244: 'initializing' : conversion from 'int' to 'float', possible loss of data
     1>c:\users\hdf3153\desktop\gp-ass-1-release-master\gp-ass-1-release-master\gold - 13826904\build files\framework\animentity.cpp(198): warning C4244: '=' : conversion from 'int' to 'float', possible loss of data
     1>c:\users\hdf3153\desktop\gp-ass-1-release-master\gp-ass-1-release-master\gold - 13826904\build files\framework\animentity.cpp(205): warning C4244: '=' : conversion from 'int' to 'float', possible loss of data
         entity.cpp
     1>c:\users\hdf3153\desktop\gp-ass-1-release-master\gp-ass-1-release-master\gold - 13826904\build files\framework\entity.cpp(167): warning C4244: '=' : conversion from 'int' to 'float', possible loss of data
     1>c:\users\hdf3153\desktop\gp-ass-1-release-master\gp-ass-1-release-master\gold - 13826904\build files\framework\entity.cpp(174): warning C4244: '=' : conversion from 'int' to 'float', possible loss of data
     1>c:\users\hdf3153\desktop\gp-ass-1-release-master\gp-ass-1-release-master\gold - 13826904\build files\framework\entity.cpp(181): warning C4244: '=' : conversion from 'int' to 'float', possible loss of data
     1>c:\users\hdf3153\desktop\gp-ass-1-release-master\gp-ass-1-release-master\gold - 13826904\build files\framework\entity.cpp(188): warning C4244: '=' : conversion from 'int' to 'float', possible loss of data
         Enemy.cpp
     1>c:\users\hdf3153\desktop\gp-ass-1-release-master\gp-ass-1-release-master\gold - 13826904\build files\framework\enemy.cpp(16): warning C4244: '=' : conversion from 'float' to 'int', possible loss of data
     1>c:\users\hdf3153\desktop\gp-ass-1-release-master\gp-ass-1-release-master\gold - 13826904\build files\framework\enemy.cpp(17): warning C4244: '=' : conversion from 'float' to 'int', possible loss of data
     1>c:\users\hdf3153\desktop\gp-ass-1-release-master\gp-ass-1-release-master\gold - 13826904\build files\framework\enemy.cpp(21): warning C4244: 'argument' : conversion from 'int' to 'float', possible loss of data
     1>c:\users\hdf3153\desktop\gp-ass-1-release-master\gp-ass-1-release-master\gold - 13826904\build files\framework\enemy.cpp(22): warning C4244: 'argument' : conversion from 'int' to 'float', possible loss of data
         Coin.cpp
     1>c:\users\hdf3153\desktop\gp-ass-1-release-master\gp-ass-1-release-master\gold - 13826904\build files\framework\coin.cpp(10): warning C4305: '=' : truncation from 'double' to 'float'
     1>c:\users\hdf3153\desktop\gp-ass-1-release-master\gp-ass-1-release-master\gold - 13826904\build files\framework\coin.cpp(41): warning C4244: 'argument' : conversion from 'double' to 'float', possible loss of data
         backbuffer.cpp
         AnimatedSprite.cpp
         Generating Code...
       Link:
         C:\Program Files (x86)\Microsoft Visual Studio 12.0\VC\bin\link.exe /ERRORREPORT:PROMPT /OUT:"C:\Users\hdf3153\Desktop\GP-ASS-1-Release-master\GP-ASS-1-Release-master\Gold - 13826904\Build Files\Debug\SpaceShips.exe" /INCREMENTAL /NOLOGO /LIBPATH:"C:\Users\hdf3153\Desktop\GP-ASS-1-Release-master\GP-ASS-1-Release-master\Gold - 13826904\Build Files\\SDL\SDL2-2.0.3\lib\x86" /LIBPATH:"C:\Users\hdf3153\Desktop\GP-ASS-1-Release-master\GP-ASS-1-Release-master\Gold - 13826904\Build Files\\SDL\SDL2_image-2.0.0\lib\x86" /LIBPATH:"C:\Users\hdf3153\Desktop\GP-ASS-1-Release-master\GP-ASS-1-Release-master\Gold - 13826904\Build Files\\FMOD\lib\\" /LIBPATH:"C:\Users\hdf3153\Desktop\GP-ASS-1-Release-master\GP-ASS-1-Release-master\Gold - 13826904\Build Files\\SDL2_ttf-2.0.14\lib\x86" SDL2.lib SDL2main.lib SDL2_image.lib kernel32.lib user32.lib gdi32.lib winspool.lib comdlg32.lib advapi32.lib shell32.lib ole32.lib oleaut32.lib uuid.lib odbc32.lib odbccp32.lib fmodl_vc.lib SDL2_ttf.lib /MANIFEST /MANIFESTUAC:"level='asInvoker' uiAccess='false'" /manifest:embed /DEBUG /PDB:"C:\Users\hdf3153\Desktop\GP-ASS-1-Release-master\GP-ASS-1-Release-master\Gold - 13826904\Build Files\Debug\SpaceShips.pdb" /SUBSYSTEM:WINDOWS /TLBID:1 /DYNAMICBASE /NXCOMPAT /IMPLIB:"C:\Users\hdf3153\Desktop\GP-ASS-1-Release-master\GP-ASS-1-Release-master\Gold - 13826904\Build Files\Debug\SpaceShips.lib" /MACHINE:X86 Debug\AnimatedSprite.obj
         Debug\backbuffer.obj
         Debug\Coin.obj
         Debug\Enemy.obj
         Debug\entity.obj
         Debug\AnimEntity.obj
         Debug\game.obj
         Debug\inputhandler.obj
         Debug\logmanager.obj
         Debug\main.obj
         Debug\MenuItem.obj
         Debug\Parser.obj
         Debug\Player.obj
         Debug\SoundSystem.obj
         Debug\sprite.obj
         Debug\texture.obj
         Debug\texturemanager.obj
     1>MSVCRTD.lib(cinitexe.obj) : warning LNK4098: defaultlib 'msvcrt.lib' conflicts with use of other libs; use /NODEFAULTLIB:library
         Framework.vcxproj -> C:\Users\hdf3153\Desktop\GP-ASS-1-Release-master\GP-ASS-1-Release-master\Gold - 13826904\Build Files\Debug\SpaceShips.exe
     1>Done Building Project "C:\Users\hdf3153\Desktop\GP-ASS-1-Release-master\GP-ASS-1-Release-master\Gold - 13826904\Build Files\Framework\Framework.vcxproj" (Build target(s)).

Build succeeded.

Time Elapsed 00:00:10.07
