\\psf\home\desktop\game prog\gp-ass-1\spaceinvaders\framework\debug\vc120.pdb
\\psf\home\desktop\game prog\gp-ass-1\spaceinvaders\framework\debug\vc120.idb
\\psf\home\desktop\game prog\gp-ass-1\spaceinvaders\framework\debug\animatedsprite.obj
\\psf\home\desktop\game prog\gp-ass-1\spaceinvaders\framework\debug\backbuffer.obj
\\psf\home\desktop\game prog\gp-ass-1\spaceinvaders\framework\debug\coin.obj
\\psf\home\desktop\game prog\gp-ass-1\spaceinvaders\framework\debug\enemy.obj
\\psf\home\desktop\game prog\gp-ass-1\spaceinvaders\framework\debug\entity.obj
\\psf\home\desktop\game prog\gp-ass-1\spaceinvaders\framework\debug\animentity.obj
\\psf\home\desktop\game prog\gp-ass-1\spaceinvaders\framework\debug\game.obj
\\psf\home\desktop\game prog\gp-ass-1\spaceinvaders\framework\debug\inputhandler.obj
\\psf\home\desktop\game prog\gp-ass-1\spaceinvaders\framework\debug\logmanager.obj
\\psf\home\desktop\game prog\gp-ass-1\spaceinvaders\framework\debug\main.obj
\\psf\home\desktop\game prog\gp-ass-1\spaceinvaders\framework\debug\menuitem.obj
\\psf\home\desktop\game prog\gp-ass-1\spaceinvaders\framework\debug\parser.obj
\\psf\home\desktop\game prog\gp-ass-1\spaceinvaders\framework\debug\player.obj
\\psf\home\desktop\game prog\gp-ass-1\spaceinvaders\framework\debug\soundsystem.obj
\\psf\home\desktop\game prog\gp-ass-1\spaceinvaders\framework\debug\sprite.obj
\\psf\home\desktop\game prog\gp-ass-1\spaceinvaders\framework\debug\texture.obj
\\psf\home\desktop\game prog\gp-ass-1\spaceinvaders\framework\debug\texturemanager.obj
\\psf\home\desktop\game prog\gp-ass-1\spaceinvaders\debug\spaceships.ilk
\\psf\home\desktop\game prog\gp-ass-1\spaceinvaders\debug\spaceships.exe
\\psf\home\desktop\game prog\gp-ass-1\spaceinvaders\debug\spaceships.pdb
\\psf\home\desktop\game prog\gp-ass-1\spaceinvaders\framework\debug\spaceships.tlog\cl.command.1.tlog
\\psf\home\desktop\game prog\gp-ass-1\spaceinvaders\framework\debug\spaceships.tlog\cl.read.1.tlog
\\psf\home\desktop\game prog\gp-ass-1\spaceinvaders\framework\debug\spaceships.tlog\cl.write.1.tlog
\\psf\home\desktop\game prog\gp-ass-1\spaceinvaders\framework\debug\spaceships.tlog\link.command.1.tlog
\\psf\home\desktop\game prog\gp-ass-1\spaceinvaders\framework\debug\spaceships.tlog\link.read.1.tlog
\\psf\home\desktop\game prog\gp-ass-1\spaceinvaders\framework\debug\spaceships.tlog\link.write.1.tlog
