Build started 16/09/2016 3:43:58 PM.
     1>Project "C:\Users\hdf3153\Desktop\GP-ASS-1-Release-master\GP-ASS-1-Release-master\Gold - 13826904\Build Files\Framework\Framework.vcxproj" on node 2 (Build target(s)).
     1>ClCompile:
         C:\Program Files (x86)\Microsoft Visual Studio 12.0\VC\bin\CL.exe /c /I"C:\Users\hdf3153\Desktop\GP-ASS-1-Release-master\GP-ASS-1-Release-master\Gold - 13826904\Build Files\\SDL\SDL2-2.0.3\include\\" /I"C:\Users\hdf3153\Desktop\GP-ASS-1-Release-master\GP-ASS-1-Release-master\Gold - 13826904\Build Files\\SDL\SDL2_image-2.0.0\include" /I"C:\Users\hdf3153\Desktop\GP-ASS-1-Release-master\GP-ASS-1-Release-master\Gold - 13826904\Build Files\\FMOD\inc\\" /I"C:\Users\hdf3153\Desktop\GP-ASS-1-Release-master\GP-ASS-1-Release-master\Gold - 13826904\Build Files\\SDL2_ttf-2.0.14\include" /Zi /nologo /W3 /WX- /O2 /Oi /Oy- /GL /D WIN32 /D NDEBUG /D _WINDOWS /D _UNICODE /D UNICODE /Gm- /EHsc /MD /GS /Gy /fp:precise /Zc:wchar_t /Zc:forScope /Fo"Release\\" /Fd"Release\vc120.pdb" /Gd /TP /analyze- /errorReport:prompt AnimatedSprite.cpp backbuffer.cpp Coin.cpp Enemy.cpp entity.cpp AnimEntity.cpp game.cpp inputhandler.cpp logmanager.cpp main.cpp MenuItem.cpp Parser.cpp Player.cpp SoundSystem.cpp sprite.cpp texture.cpp texturemanager.cpp
         AnimatedSprite.cpp
         backbuffer.cpp
         Coin.cpp
     1>Coin.cpp(10): warning C4305: '=' : truncation from 'double' to 'float'
     1>Coin.cpp(41): warning C4244: 'argument' : conversion from 'double' to 'float', possible loss of data
         Enemy.cpp
     1>Enemy.cpp(16): warning C4244: '=' : conversion from 'float' to 'int', possible loss of data
     1>Enemy.cpp(17): warning C4244: '=' : conversion from 'float' to 'int', possible loss of data
     1>Enemy.cpp(21): warning C4244: 'argument' : conversion from 'int' to 'float', possible loss of data
     1>Enemy.cpp(22): warning C4244: 'argument' : conversion from 'int' to 'float', possible loss of data
         entity.cpp
     1>entity.cpp(167): warning C4244: '=' : conversion from 'int' to 'float', possible loss of data
     1>entity.cpp(174): warning C4244: '=' : conversion from 'int' to 'float', possible loss of data
     1>entity.cpp(181): warning C4244: '=' : conversion from 'int' to 'float', possible loss of data
     1>entity.cpp(188): warning C4244: '=' : conversion from 'int' to 'float', possible loss of data
         AnimEntity.cpp
     1>AnimEntity.cpp(61): warning C4244: '=' : conversion from 'int' to 'float', possible loss of data
     1>AnimEntity.cpp(71): warning C4244: '=' : conversion from 'int' to 'float', possible loss of data
     1>AnimEntity.cpp(153): warning C4244: 'initializing' : conversion from 'int' to 'float', possible loss of data
     1>AnimEntity.cpp(198): warning C4244: '=' : conversion from 'int' to 'float', possible loss of data
     1>AnimEntity.cpp(205): warning C4244: '=' : conversion from 'int' to 'float', possible loss of data
         game.cpp
     1>game.cpp(168): warning C4244: 'argument' : conversion from 'double' to 'int', possible loss of data
     1>game.cpp(169): warning C4244: 'argument' : conversion from 'double' to 'int', possible loss of data
     1>game.cpp(179): warning C4244: 'argument' : conversion from 'double' to 'int', possible loss of data
     1>game.cpp(180): warning C4244: 'argument' : conversion from 'double' to 'int', possible loss of data
     1>game.cpp(278): warning C4018: '<' : signed/unsigned mismatch
     1>game.cpp(283): warning C4018: '<' : signed/unsigned mismatch
     1>game.cpp(288): warning C4018: '<' : signed/unsigned mismatch
     1>game.cpp(293): warning C4018: '<' : signed/unsigned mismatch
     1>game.cpp(323): warning C4244: 'argument' : conversion from 'double' to 'int', possible loss of data
     1>game.cpp(324): warning C4244: 'argument' : conversion from 'double' to 'int', possible loss of data
     1>game.cpp(325): warning C4244: 'argument' : conversion from 'double' to 'int', possible loss of data
     1>game.cpp(326): warning C4244: 'argument' : conversion from 'double' to 'int', possible loss of data
     1>game.cpp(370): warning C4018: '<' : signed/unsigned mismatch
     1>game.cpp(379): warning C4244: 'argument' : conversion from 'double' to 'int', possible loss of data
     1>game.cpp(380): warning C4244: 'argument' : conversion from 'double' to 'int', possible loss of data
     1>game.cpp(381): warning C4244: 'argument' : conversion from 'double' to 'int', possible loss of data
     1>game.cpp(382): warning C4244: 'argument' : conversion from 'double' to 'int', possible loss of data
     1>game.cpp(500): warning C4244: 'initializing' : conversion from 'float' to 'int', possible loss of data
     1>game.cpp(501): warning C4244: 'initializing' : conversion from 'float' to 'int', possible loss of data
     1>game.cpp(506): warning C4244: 'argument' : conversion from 'double' to 'float', possible loss of data
     1>game.cpp(509): warning C4244: '=' : conversion from 'float' to 'int', possible loss of data
     1>game.cpp(552): warning C4244: 'argument' : conversion from 'double' to 'float', possible loss of data
     1>game.cpp(553): warning C4244: 'initializing' : conversion from 'float' to 'int', possible loss of data
     1>game.cpp(554): warning C4244: 'initializing' : conversion from 'float' to 'int', possible loss of data
     1>game.cpp(626): warning C4018: '<' : signed/unsigned mismatch
     1>game.cpp(631): warning C4018: '<' : signed/unsigned mismatch
     1>game.cpp(636): warning C4018: '<' : signed/unsigned mismatch
     1>game.cpp(641): warning C4018: '<' : signed/unsigned mismatch
     1>game.cpp(726): warning C4244: 'argument' : conversion from 'float' to 'int', possible loss of data
     1>game.cpp(730): warning C4244: 'argument' : conversion from 'float' to 'int', possible loss of data
     1>game.cpp(736): warning C4244: 'argument' : conversion from 'float' to 'int', possible loss of data
     1>game.cpp(742): warning C4244: 'argument' : conversion from 'float' to 'int', possible loss of data
     1>game.cpp(781): warning C4244: 'argument' : conversion from 'double' to 'float', possible loss of data
     1>game.cpp(782): warning C4244: '=' : conversion from 'float' to 'int', possible loss of data
     1>game.cpp(938): warning C4244: 'argument' : conversion from 'int' to 'float', possible loss of data
     1>game.cpp(945): warning C4244: 'argument' : conversion from 'int' to 'float', possible loss of data
     1>game.cpp(952): warning C4244: 'argument' : conversion from 'int' to 'float', possible loss of data
     1>game.cpp(959): warning C4244: 'argument' : conversion from 'int' to 'float', possible loss of data
     1>game.cpp(1007): warning C4244: 'argument' : conversion from 'double' to 'float', possible loss of data
         inputhandler.cpp
         logmanager.cpp
         main.cpp
         MenuItem.cpp
         Parser.cpp
         Player.cpp
     1>Player.cpp(24): warning C4244: '=' : conversion from 'float' to 'int', possible loss of data
         SoundSystem.cpp
         sprite.cpp
         texture.cpp
         texturemanager.cpp
       Link:
         C:\Program Files (x86)\Microsoft Visual Studio 12.0\VC\bin\link.exe /ERRORREPORT:PROMPT /OUT:"C:\Users\hdf3153\Desktop\GP-ASS-1-Release-master\GP-ASS-1-Release-master\Gold - 13826904\Build Files\Release\SpaceShips.exe" /INCREMENTAL:NO /NOLOGO /LIBPATH:"C:\Users\hdf3153\Desktop\GP-ASS-1-Release-master\GP-ASS-1-Release-master\Gold - 13826904\Build Files\\SDL\SDL2-2.0.3\lib\x86" /LIBPATH:"C:\Users\hdf3153\Desktop\GP-ASS-1-Release-master\GP-ASS-1-Release-master\Gold - 13826904\Build Files\\SDL\SDL2_image-2.0.0\lib\x86" /LIBPATH:"C:\Users\hdf3153\Desktop\GP-ASS-1-Release-master\GP-ASS-1-Release-master\Gold - 13826904\Build Files\\FMOD\lib\\" /LIBPATH:"C:\Users\hdf3153\Desktop\GP-ASS-1-Release-master\GP-ASS-1-Release-master\Gold - 13826904\Build Files\\SDL2_ttf-2.0.14\lib\x86" SDL2.lib SDL2main.lib SDL2_image.lib kernel32.lib user32.lib gdi32.lib winspool.lib comdlg32.lib advapi32.lib shell32.lib ole32.lib oleaut32.lib uuid.lib odbc32.lib odbccp32.lib fmodl_vc.lib SDL2_ttf.lib /MANIFEST /MANIFESTUAC:"level='asInvoker' uiAccess='false'" /manifest:embed /DEBUG /PDB:"C:\Users\hdf3153\Desktop\GP-ASS-1-Release-master\GP-ASS-1-Release-master\Gold - 13826904\Build Files\Release\SpaceShips.pdb" /SUBSYSTEM:WINDOWS /OPT:REF /OPT:ICF /LTCG /TLBID:1 /DYNAMICBASE /NXCOMPAT /IMPLIB:"C:\Users\hdf3153\Desktop\GP-ASS-1-Release-master\GP-ASS-1-Release-master\Gold - 13826904\Build Files\Release\SpaceShips.lib" /MACHINE:X86 /SAFESEH Release\AnimatedSprite.obj
         Release\backbuffer.obj
         Release\Coin.obj
         Release\Enemy.obj
         Release\entity.obj
         Release\AnimEntity.obj
         Release\game.obj
         Release\inputhandler.obj
         Release\logmanager.obj
         Release\main.obj
         Release\MenuItem.obj
         Release\Parser.obj
         Release\Player.obj
         Release\SoundSystem.obj
         Release\sprite.obj
         Release\texture.obj
         Release\texturemanager.obj
         Generating code
         Finished generating code
         Framework.vcxproj -> C:\Users\hdf3153\Desktop\GP-ASS-1-Release-master\GP-ASS-1-Release-master\Gold - 13826904\Build Files\Release\SpaceShips.exe
     1>Done Building Project "C:\Users\hdf3153\Desktop\GP-ASS-1-Release-master\GP-ASS-1-Release-master\Gold - 13826904\Build Files\Framework\Framework.vcxproj" (Build target(s)).

Build succeeded.

Time Elapsed 00:00:08.70
